2016-10-27 17:00:44,901 - ResourceManager : unable to find resource 'screen/index.html.vm' in any resource loader.
2016-10-27 17:00:45,494 - ResourceManager : unable to find resource 'screen/index.html.vm' in any resource loader.
2016-10-27 17:00:46,048 - ResourceManager : unable to find resource 'screen/index.html.vm' in any resource loader.
2016-10-27 17:00:46,634 - ResourceManager : unable to find resource 'screen/index.html.vm' in any resource loader.
2016-10-27 17:00:47,849 - Cookie rejected: "$Version="1"; BAIDUID="2A07BAC6FFBE11D7456493F84BEBAAA2:FG=1"; $Path="/"; $Domain=".baidu.com"". Domain attribute ".baidu.com" violates RFC 2109: host minus domain may not contain any dots
2016-10-27 17:01:01,560 - ResourceManager : unable to find resource 'screen/index.html.vm' in any resource loader.
2016-10-27 17:01:02,181 - ResourceManager : unable to find resource 'screen/index.html.vm' in any resource loader.
2016-10-27 17:01:05,635 - Cookie rejected: "$Version="1"; BAIDUID="7475E03343C05D0B31816550A23B4B84:FG=1"; $Path="/"; $Domain=".baidu.com"". Domain attribute ".baidu.com" violates RFC 2109: host minus domain may not contain any dots
2016-10-27 17:01:09,814 - ResourceManager : unable to find resource 'screen/index.html.vm' in any resource loader.
2016-10-27 17:01:10,389 - ResourceManager : unable to find resource 'screen/index.html.vm' in any resource loader.
2016-10-27 17:01:10,903 - ResourceManager : unable to find resource 'screen/index.html.vm' in any resource loader.
2016-10-27 17:01:11,432 - ResourceManager : unable to find resource 'screen/index.html.vm' in any resource loader.
2016-10-27 17:01:12,064 - ResourceManager : unable to find resource 'screen/index.html.vm' in any resource loader.
2016-10-27 17:01:14,985 - ResourceManager : unable to find resource 'screen/index.html.vm' in any resource loader.
2016-10-27 17:01:15,557 - ResourceManager : unable to find resource 'screen/index.html.vm' in any resource loader.
2016-10-27 17:01:16,110 - ResourceManager : unable to find resource 'screen/index.html.vm' in any resource loader.
2016-10-27 17:01:16,679 - ResourceManager : unable to find resource 'screen/index.html.vm' in any resource loader.
2016-10-27 17:01:17,285 - ResourceManager : unable to find resource 'screen/index.html.vm' in any resource loader.
2016-10-27 17:01:20,875 - Cookie rejected: "$Version="1"; BAIDUID="826296564C9832418AB29808FC0B734F:FG=1"; $Path="/"; $Domain=".baidu.com"". Domain attribute ".baidu.com" violates RFC 2109: host minus domain may not contain any dots
2016-10-27 17:01:21,053 - ResourceManager : unable to find resource 'screen/index.html.vm' in any resource loader.
2016-10-27 17:01:21,605 - ResourceManager : unable to find resource 'screen/index.html.vm' in any resource loader.
2016-10-27 17:01:22,063 - ResourceManager : unable to find resource 'screen/index.html.vm' in any resource loader.
2016-10-27 17:01:22,566 - ResourceManager : unable to find resource 'screen/index.html.vm' in any resource loader.
2016-10-27 17:01:23,069 - ResourceManager : unable to find resource 'screen/index.html.vm' in any resource loader.
2016-10-27 17:01:23,526 - ResourceManager : unable to find resource 'screen/index.html.vm' in any resource loader.
2016-10-27 17:01:26,924 - Cookie rejected: "$Version="1"; BAIDUID="838249D6573EC4860D5D7A4F041C42FC:FG=1"; $Path="/"; $Domain=".baidu.com"". Domain attribute ".baidu.com" violates RFC 2109: host minus domain may not contain any dots
2016-10-27 17:01:35,951 - ResourceManager : unable to find resource 'screen/index.html.vm' in any resource loader.
2016-10-27 17:01:36,686 - ResourceManager : unable to find resource 'screen/index.html.vm' in any resource loader.
2016-10-27 17:01:37,142 - ResourceManager : unable to find resource 'screen/index.html.vm' in any resource loader.
2016-10-27 17:01:37,662 - ResourceManager : unable to find resource 'screen/index.html.vm' in any resource loader.
2016-10-27 17:01:37,889 - ResourceManager : unable to find resource 'screen/index.html.vm' in any resource loader.
2016-10-27 17:01:38,158 - ResourceManager : unable to find resource 'screen/index.html.vm' in any resource loader.
2016-10-27 17:01:38,283 - ResourceManager : unable to find resource 'screen/index.html.vm' in any resource loader.
2016-10-27 17:01:38,410 - ResourceManager : unable to find resource 'screen/index.html.vm' in any resource loader.
2016-10-27 17:01:39,502 - ResourceManager : unable to find resource 'screen/index.html.vm' in any resource loader.
2016-10-27 17:01:41,420 - Cookie rejected: "$Version="1"; BAIDUID="8DCDC6B1CE0D80F6A0169380A352D366:FG=1"; $Path="/"; $Domain=".baidu.com"". Domain attribute ".baidu.com" violates RFC 2109: host minus domain may not contain any dots
2016-10-27 17:01:52,325 - ResourceManager : unable to find resource 'screen/index.html.vm' in any resource loader.
2016-10-27 17:01:53,021 - Cookie rejected: "$Version="1"; BAIDUID="81F1E5F67C9ACC8D8FA5CC8BDE42DC13:FG=1"; $Path="/"; $Domain=".baidu.com"". Domain attribute ".baidu.com" violates RFC 2109: host minus domain may not contain any dots
2016-10-27 17:01:53,181 - ResourceManager : unable to find resource 'screen/index.html.vm' in any resource loader.
2016-10-27 17:01:53,645 - ResourceManager : unable to find resource 'screen/index.html.vm' in any resource loader.
2016-10-27 17:01:53,889 - ResourceManager : unable to find resource 'screen/index.html.vm' in any resource loader.
2016-10-27 17:01:54,086 - ResourceManager : unable to find resource 'screen/index.html.vm' in any resource loader.
2016-10-27 17:01:54,344 - ResourceManager : unable to find resource 'screen/index.html.vm' in any resource loader.
2016-10-27 17:01:54,872 - ResourceManager : unable to find resource 'screen/index.html.vm' in any resource loader.
2016-10-27 17:01:55,805 - ResourceManager : unable to find resource 'screen/index.html.vm' in any resource loader.
2016-10-27 17:01:56,588 - Cookie rejected: "$Version="1"; BAIDUID="68A371C80D9F1F7B8533DBA2A23589BD:FG=1"; $Path="/"; $Domain=".baidu.com"". Domain attribute ".baidu.com" violates RFC 2109: host minus domain may not contain any dots
2016-10-27 17:02:03,886 - ResourceManager : unable to find resource 'screen/index.html.vm' in any resource loader.
2016-10-27 17:02:04,656 - Cookie rejected: "$Version="1"; BAIDUID="712667E7E434AC8DFB91F382EABE3C4D:FG=1"; $Path="/"; $Domain=".baidu.com"". Domain attribute ".baidu.com" violates RFC 2109: host minus domain may not contain any dots
2016-10-27 17:02:25,511 - ResourceManager : unable to find resource 'screen/index.html.vm' in any resource loader.
2016-10-27 17:02:25,787 - ResourceManager : unable to find resource 'screen/index.html.vm' in any resource loader.
2016-10-27 17:02:26,043 - ResourceManager : unable to find resource 'screen/index.html.vm' in any resource loader.
2016-10-27 17:02:26,054 - ResourceManager : unable to find resource 'screen/index.html.vm' in any resource loader.
2016-10-27 17:02:27,269 - Cookie rejected: "$Version="1"; BAIDUID="446A4DAEF238FE5FCA53A56F187781A1:FG=1"; $Path="/"; $Domain=".baidu.com"". Domain attribute ".baidu.com" violates RFC 2109: host minus domain may not contain any dots
2016-10-27 17:03:00,934 - ResourceManager : unable to find resource 'screen/index.html.vm' in any resource loader.
2016-10-27 17:03:01,239 - ResourceManager : unable to find resource 'screen/index.html.vm' in any resource loader.
2016-10-27 17:03:01,489 - ResourceManager : unable to find resource 'screen/index.html.vm' in any resource loader.
2016-10-27 17:03:01,650 - ResourceManager : unable to find resource 'screen/index.html.vm' in any resource loader.
2016-10-27 17:03:02,464 - ResourceManager : unable to find resource 'screen/index.html.vm' in any resource loader.
2016-10-27 17:03:03,193 - Cookie rejected: "$Version="1"; BAIDUID="5707D20FFF23E7E3362D43B2B19B7A7A:FG=1"; $Path="/"; $Domain=".baidu.com"". Domain attribute ".baidu.com" violates RFC 2109: host minus domain may not contain any dots
2016-10-27 17:03:03,424 - ResourceManager : unable to find resource 'screen/index.html.vm' in any resource loader.
2016-10-27 17:03:04,536 - ResourceManager : unable to find resource 'screen/index.html.vm' in any resource loader.
2016-10-27 17:03:05,397 - Cookie rejected: "$Version="1"; BAIDUID="3CAF4A1E7C4EE0AD393FFAF0C7F91BED:FG=1"; $Path="/"; $Domain=".baidu.com"". Domain attribute ".baidu.com" violates RFC 2109: host minus domain may not contain any dots
2016-10-27 17:03:08,396 - ResourceManager : unable to find resource 'error.vm' in any resource loader.
2016-10-27 17:03:08,398 - ResourceManager : unable to find resource 'error.html.vm' in any resource loader.
2016-10-27 17:03:09,824 - ResourceManager : unable to find resource 'screen/index.html.vm' in any resource loader.
2016-10-27 17:03:10,288 - ResourceManager : unable to find resource 'screen/index.html.vm' in any resource loader.
2016-10-27 17:03:11,718 - ResourceManager : unable to find resource 'screen/index.html.vm' in any resource loader.
2016-10-27 17:03:12,467 - Cookie rejected: "$Version="1"; BAIDUID="9E311E5A9C9532C94082AEAB86C1603A:FG=1"; $Path="/"; $Domain=".baidu.com"". Domain attribute ".baidu.com" violates RFC 2109: host minus domain may not contain any dots
2016-10-27 17:03:51,967 - ResourceManager : unable to find resource 'screen/index.html.vm' in any resource loader.
2016-10-27 17:03:52,718 - ResourceManager : unable to find resource 'screen/index.html.vm' in any resource loader.
2016-10-27 17:03:53,189 - ResourceManager : unable to find resource 'screen/index.html.vm' in any resource loader.
2016-10-27 17:03:53,948 - Cookie rejected: "$Version="1"; BAIDUID="80871D1C66384FB1FCF965141A4FD3E8:FG=1"; $Path="/"; $Domain=".baidu.com"". Domain attribute ".baidu.com" violates RFC 2109: host minus domain may not contain any dots
2016-10-27 17:03:58,910 - ResourceManager : unable to find resource 'screen/index.html.vm' in any resource loader.
2016-10-27 17:03:59,655 - Cookie rejected: "$Version="1"; BAIDUID="52F690B750BBCE028AA748971FCAB5CA:FG=1"; $Path="/"; $Domain=".baidu.com"". Domain attribute ".baidu.com" violates RFC 2109: host minus domain may not contain any dots
2016-10-27 17:04:01,766 - ResourceManager : unable to find resource 'screen/index.html.vm' in any resource loader.
2016-10-27 17:04:02,501 - Cookie rejected: "$Version="1"; BAIDUID="F87A32E918A897C320039A82FB502DF2:FG=1"; $Path="/"; $Domain=".baidu.com"". Domain attribute ".baidu.com" violates RFC 2109: host minus domain may not contain any dots
2016-10-27 17:04:02,734 - ResourceManager : unable to find resource 'screen/index.html.vm' in any resource loader.
2016-10-27 17:04:03,471 - Cookie rejected: "$Version="1"; BAIDUID="B8DEE7E4075E90B9EF16FE8F31DC7D67:FG=1"; $Path="/"; $Domain=".baidu.com"". Domain attribute ".baidu.com" violates RFC 2109: host minus domain may not contain any dots
2016-10-27 17:04:42,359 - ResourceManager : unable to find resource 'screen/index.html.vm' in any resource loader.
2016-10-27 17:04:43,248 - ResourceManager : unable to find resource 'screen/index.html.vm' in any resource loader.
2016-10-27 17:04:44,532 - Cookie rejected: "$Version="1"; BAIDUID="FEBC0A822329B44F486B9EC80F3C46DC:FG=1"; $Path="/"; $Domain=".baidu.com"". Domain attribute ".baidu.com" violates RFC 2109: host minus domain may not contain any dots
2016-10-27 17:05:24,106 - ResourceManager : unable to find resource 'screen/index.html.vm' in any resource loader.
2016-10-27 17:05:24,884 - ResourceManager : unable to find resource 'screen/index.html.vm' in any resource loader.
2016-10-27 17:05:26,076 - Cookie rejected: "$Version="1"; BAIDUID="929CECC2EECB47964957FC9B23BE60A3:FG=1"; $Path="/"; $Domain=".baidu.com"". Domain attribute ".baidu.com" violates RFC 2109: host minus domain may not contain any dots
2016-10-27 17:05:28,591 - ResourceManager : unable to find resource 'screen/index.html.vm' in any resource loader.
2016-10-27 17:05:29,088 - ResourceManager : unable to find resource 'screen/index.html.vm' in any resource loader.
2016-10-27 17:05:29,352 - ResourceManager : unable to find resource 'screen/index.html.vm' in any resource loader.
2016-10-27 17:05:29,636 - ResourceManager : unable to find resource 'screen/index.html.vm' in any resource loader.
2016-10-27 17:05:29,858 - ResourceManager : unable to find resource 'screen/index.html.vm' in any resource loader.
2016-10-27 17:05:30,162 - ResourceManager : unable to find resource 'screen/index.html.vm' in any resource loader.
2016-10-27 17:05:30,969 - Cookie rejected: "$Version="1"; BAIDUID="6B2E313BAF0A1FB54DEE6735BA2F106E:FG=1"; $Path="/"; $Domain=".baidu.com"". Domain attribute ".baidu.com" violates RFC 2109: host minus domain may not contain any dots
2016-10-27 17:06:02,466 - ResourceManager : unable to find resource 'screen/index.html.vm' in any resource loader.
2016-10-27 17:06:02,914 - ResourceManager : unable to find resource 'screen/index.html.vm' in any resource loader.
2016-10-27 17:06:03,225 - ResourceManager : unable to find resource 'screen/index.html.vm' in any resource loader.
2016-10-27 17:06:03,329 - ResourceManager : unable to find resource 'screen/index.html.vm' in any resource loader.
2016-10-27 17:06:03,471 - ResourceManager : unable to find resource 'screen/index.html.vm' in any resource loader.
2016-10-27 17:06:03,594 - ResourceManager : unable to find resource 'screen/index.html.vm' in any resource loader.
2016-10-27 17:06:04,393 - Cookie rejected: "$Version="1"; BAIDUID="CE66A11698133FC47700F5BEE9EDAE42:FG=1"; $Path="/"; $Domain=".baidu.com"". Domain attribute ".baidu.com" violates RFC 2109: host minus domain may not contain any dots
2016-10-27 17:06:20,113 - ResourceManager : unable to find resource 'screen/index.html.vm' in any resource loader.
2016-10-27 17:06:20,891 - Cookie rejected: "$Version="1"; BAIDUID="3C2A136D06E9F8CA71CD47C6D0197CFA:FG=1"; $Path="/"; $Domain=".baidu.com"". Domain attribute ".baidu.com" violates RFC 2109: host minus domain may not contain any dots
2016-10-27 17:06:28,110 - ResourceManager : unable to find resource 'screen/index.html.vm' in any resource loader.
2016-10-27 17:06:28,876 - Cookie rejected: "$Version="1"; BAIDUID="147023E17BD0E725F718692E8D178D4D:FG=1"; $Path="/"; $Domain=".baidu.com"". Domain attribute ".baidu.com" violates RFC 2109: host minus domain may not contain any dots
2016-10-27 17:06:29,350 - ResourceManager : unable to find resource 'screen/index.html.vm' in any resource loader.
2016-10-27 17:06:29,701 - ResourceManager : unable to find resource 'screen/index.html.vm' in any resource loader.
2016-10-27 17:06:29,955 - ResourceManager : unable to find resource 'screen/index.html.vm' in any resource loader.
2016-10-27 17:06:30,236 - ResourceManager : unable to find resource 'screen/index.html.vm' in any resource loader.
2016-10-27 17:06:30,995 - Cookie rejected: "$Version="1"; BAIDUID="A14983CC308DB4C46B1DA10483F79F7B:FG=1"; $Path="/"; $Domain=".baidu.com"". Domain attribute ".baidu.com" violates RFC 2109: host minus domain may not contain any dots
2016-10-27 17:06:31,584 - ResourceManager : unable to find resource 'screen/index.html.vm' in any resource loader.
2016-10-27 17:06:31,838 - ResourceManager : unable to find resource 'screen/index.html.vm' in any resource loader.
2016-10-27 17:06:32,588 - Cookie rejected: "$Version="1"; BAIDUID="4BF24AD3FD609C1BEFCBC60CA05FBE7E:FG=1"; $Path="/"; $Domain=".baidu.com"". Domain attribute ".baidu.com" violates RFC 2109: host minus domain may not contain any dots
2016-10-27 17:07:18,983 - ResourceManager : unable to find resource 'screen/index.html.vm' in any resource loader.
2016-10-27 17:07:19,801 - Cookie rejected: "$Version="1"; BAIDUID="429E216AF58172D0B7E44561BB348296:FG=1"; $Path="/"; $Domain=".baidu.com"". Domain attribute ".baidu.com" violates RFC 2109: host minus domain may not contain any dots
2016-10-27 17:07:20,072 - ResourceManager : unable to find resource 'screen/index.html.vm' in any resource loader.
2016-10-27 17:07:20,824 - Cookie rejected: "$Version="1"; BAIDUID="81BC9070C62F3CA35DC756C0469844DE:FG=1"; $Path="/"; $Domain=".baidu.com"". Domain attribute ".baidu.com" violates RFC 2109: host minus domain may not contain any dots
2016-10-27 17:07:20,898 - ResourceManager : unable to find resource 'screen/index.html.vm' in any resource loader.
2016-10-27 17:07:21,568 - ResourceManager : unable to find resource 'screen/index.html.vm' in any resource loader.
2016-10-27 17:07:22,307 - Cookie rejected: "$Version="1"; BAIDUID="3263AC996D7A2E3A9CC9A8AD0D99DFA1:FG=1"; $Path="/"; $Domain=".baidu.com"". Domain attribute ".baidu.com" violates RFC 2109: host minus domain may not contain any dots
2016-10-27 17:07:22,316 - ResourceManager : unable to find resource 'screen/index.html.vm' in any resource loader.
2016-10-27 17:07:23,065 - Cookie rejected: "$Version="1"; BAIDUID="821D19E44563276D532D4608A350B95F:FG=1"; $Path="/"; $Domain=".baidu.com"". Domain attribute ".baidu.com" violates RFC 2109: host minus domain may not contain any dots
2016-10-27 17:07:23,376 - ResourceManager : unable to find resource 'screen/index.html.vm' in any resource loader.
2016-10-27 17:07:23,693 - ResourceManager : unable to find resource 'screen/index.html.vm' in any resource loader.
2016-10-27 17:07:23,909 - ResourceManager : unable to find resource 'screen/index.html.vm' in any resource loader.
2016-10-27 17:07:23,988 - ResourceManager : unable to find resource 'screen/index.html.vm' in any resource loader.
2016-10-27 17:07:24,256 - ResourceManager : unable to find resource 'screen/index.html.vm' in any resource loader.
2016-10-27 17:07:25,674 - Cookie rejected: "$Version="1"; BAIDUID="B8B3C94B9B54BE9D33E4E709B7452DD9:FG=1"; $Path="/"; $Domain=".baidu.com"". Domain attribute ".baidu.com" violates RFC 2109: host minus domain may not contain any dots
2016-10-27 17:07:26,568 - ResourceManager : unable to find resource 'screen/index.html.vm' in any resource loader.
2016-10-27 17:07:27,299 - Cookie rejected: "$Version="1"; BAIDUID="78C4675D8AE987B1E760AA6314815E15:FG=1"; $Path="/"; $Domain=".baidu.com"". Domain attribute ".baidu.com" violates RFC 2109: host minus domain may not contain any dots
2016-10-27 17:07:27,686 - ResourceManager : unable to find resource 'screen/index.html.vm' in any resource loader.
2016-10-27 17:07:28,411 - Cookie rejected: "$Version="1"; BAIDUID="3E0F3C9D0965C82BFF501E732BE9BFB3:FG=1"; $Path="/"; $Domain=".baidu.com"". Domain attribute ".baidu.com" violates RFC 2109: host minus domain may not contain any dots
2016-10-27 17:07:41,632 - ResourceManager : unable to find resource 'screen/index.html.vm' in any resource loader.
2016-10-27 17:07:42,364 - Cookie rejected: "$Version="1"; BAIDUID="123F0D764DF7A537D2E3B5E9D3091E87:FG=1"; $Path="/"; $Domain=".baidu.com"". Domain attribute ".baidu.com" violates RFC 2109: host minus domain may not contain any dots
2016-10-27 17:07:56,089 - ResourceManager : unable to find resource 'screen/index.html.vm' in any resource loader.
2016-10-27 17:07:56,902 - Cookie rejected: "$Version="1"; BAIDUID="F05A4F2912A6FBDD80F57F32C65944EB:FG=1"; $Path="/"; $Domain=".baidu.com"". Domain attribute ".baidu.com" violates RFC 2109: host minus domain may not contain any dots
2016-10-27 17:09:20,569 - ResourceManager : unable to find resource 'screen/index.html.vm' in any resource loader.
2016-10-27 17:09:21,500 - ResourceManager : unable to find resource 'screen/index.html.vm' in any resource loader.
2016-10-27 17:09:23,548 - Cookie rejected: "$Version="1"; BAIDUID="D916927F8E98D838897B6754696C862A:FG=1"; $Path="/"; $Domain=".baidu.com"". Domain attribute ".baidu.com" violates RFC 2109: host minus domain may not contain any dots
2016-10-27 17:10:16,715 - ResourceManager : unable to find resource 'screen/index.html.vm' in any resource loader.
2016-10-27 17:10:17,427 - Cookie rejected: "$Version="1"; BAIDUID="5B632721F43D3D65D96A0DD5DB0718D6:FG=1"; $Path="/"; $Domain=".baidu.com"". Domain attribute ".baidu.com" violates RFC 2109: host minus domain may not contain any dots
2016-10-27 17:10:17,601 - ResourceManager : unable to find resource 'screen/index.html.vm' in any resource loader.
2016-10-27 17:10:18,255 - ResourceManager : unable to find resource 'screen/index.html.vm' in any resource loader.
2016-10-27 17:10:18,256 - Cookie rejected: "$Version="1"; BAIDUID="F85B6347650409053724B2BBE347BA0A:FG=1"; $Path="/"; $Domain=".baidu.com"". Domain attribute ".baidu.com" violates RFC 2109: host minus domain may not contain any dots
2016-10-27 17:10:18,727 - ResourceManager : unable to find resource 'screen/index.html.vm' in any resource loader.
2016-10-27 17:10:19,415 - ResourceManager : unable to find resource 'screen/index.html.vm' in any resource loader.
2016-10-27 17:10:20,560 - Cookie rejected: "$Version="1"; BAIDUID="F49E7736FD40A602BF6117A1635B08FC:FG=1"; $Path="/"; $Domain=".baidu.com"". Domain attribute ".baidu.com" violates RFC 2109: host minus domain may not contain any dots
2016-10-27 17:10:43,176 - ResourceManager : unable to find resource 'screen/index.html.vm' in any resource loader.
2016-10-27 17:10:43,824 - ResourceManager : unable to find resource 'screen/index.html.vm' in any resource loader.
2016-10-27 17:10:44,359 - ResourceManager : unable to find resource 'screen/index.html.vm' in any resource loader.
2016-10-27 17:10:44,815 - ResourceManager : unable to find resource 'screen/index.html.vm' in any resource loader.
2016-10-27 17:10:45,280 - ResourceManager : unable to find resource 'screen/index.html.vm' in any resource loader.
2016-10-27 17:10:45,720 - ResourceManager : unable to find resource 'screen/index.html.vm' in any resource loader.
2016-10-27 17:10:46,065 - ResourceManager : unable to find resource 'screen/index.html.vm' in any resource loader.
2016-10-27 17:10:46,256 - ResourceManager : unable to find resource 'screen/index.html.vm' in any resource loader.
2016-10-27 17:10:46,422 - ResourceManager : unable to find resource 'screen/index.html.vm' in any resource loader.
2016-10-27 17:10:46,599 - ResourceManager : unable to find resource 'screen/index.html.vm' in any resource loader.
2016-10-27 17:10:46,770 - ResourceManager : unable to find resource 'screen/index.html.vm' in any resource loader.
2016-10-27 17:10:46,919 - ResourceManager : unable to find resource 'screen/index.html.vm' in any resource loader.
2016-10-27 17:10:47,775 - ResourceManager : unable to find resource 'screen/index.html.vm' in any resource loader.
2016-10-27 17:10:48,400 - Cookie rejected: "$Version="1"; BAIDUID="DABCCE8D15C6E3E66FA42468BB696110:FG=1"; $Path="/"; $Domain=".baidu.com"". Domain attribute ".baidu.com" violates RFC 2109: host minus domain may not contain any dots
2016-10-27 17:10:54,542 - ResourceManager : unable to find resource 'screen/index.html.vm' in any resource loader.
2016-10-27 17:10:54,920 - ResourceManager : unable to find resource 'screen/index.html.vm' in any resource loader.
2016-10-27 17:10:55,109 - ResourceManager : unable to find resource 'screen/index.html.vm' in any resource loader.
2016-10-27 17:10:55,266 - ResourceManager : unable to find resource 'screen/index.html.vm' in any resource loader.
2016-10-27 17:10:55,414 - ResourceManager : unable to find resource 'screen/index.html.vm' in any resource loader.
2016-10-27 17:10:55,563 - ResourceManager : unable to find resource 'screen/index.html.vm' in any resource loader.
2016-10-27 17:10:55,718 - ResourceManager : unable to find resource 'screen/index.html.vm' in any resource loader.
2016-10-27 17:10:56,069 - ResourceManager : unable to find resource 'screen/index.html.vm' in any resource loader.
2016-10-27 17:10:56,247 - ResourceManager : unable to find resource 'screen/index.html.vm' in any resource loader.
2016-10-27 17:10:56,389 - ResourceManager : unable to find resource 'screen/index.html.vm' in any resource loader.
2016-10-27 17:10:58,018 - Cookie rejected: "$Version="1"; BAIDUID="9ACB79F25CC4C38AA4589BDE8A63D4FD:FG=1"; $Path="/"; $Domain=".baidu.com"". Domain attribute ".baidu.com" violates RFC 2109: host minus domain may not contain any dots
2016-10-27 17:11:04,665 - ResourceManager : unable to find resource 'screen/index.html.vm' in any resource loader.
2016-10-27 17:11:05,086 - ResourceManager : unable to find resource 'screen/index.html.vm' in any resource loader.
2016-10-27 17:11:05,735 - Cookie rejected: "$Version="1"; BAIDUID="D314CDC61754A43C04827A281057ABC1:FG=1"; $Path="/"; $Domain=".baidu.com"". Domain attribute ".baidu.com" violates RFC 2109: host minus domain may not contain any dots
2016-10-27 17:11:05,791 - ResourceManager : unable to find resource 'screen/index.html.vm' in any resource loader.
2016-10-27 17:11:06,056 - ResourceManager : unable to find resource 'screen/index.html.vm' in any resource loader.
2016-10-27 17:11:06,320 - ResourceManager : unable to find resource 'screen/index.html.vm' in any resource loader.
2016-10-27 17:11:06,529 - ResourceManager : unable to find resource 'screen/index.html.vm' in any resource loader.
2016-10-27 17:11:06,711 - ResourceManager : unable to find resource 'screen/index.html.vm' in any resource loader.
2016-10-27 17:11:06,890 - ResourceManager : unable to find resource 'screen/index.html.vm' in any resource loader.
2016-10-27 17:11:07,279 - ResourceManager : unable to find resource 'screen/index.html.vm' in any resource loader.
2016-10-27 17:11:07,470 - ResourceManager : unable to find resource 'screen/index.html.vm' in any resource loader.
2016-10-27 17:11:07,831 - ResourceManager : unable to find resource 'screen/index.html.vm' in any resource loader.
2016-10-27 17:11:08,001 - ResourceManager : unable to find resource 'screen/index.html.vm' in any resource loader.
2016-10-27 17:11:08,167 - ResourceManager : unable to find resource 'screen/index.html.vm' in any resource loader.
2016-10-27 17:11:08,351 - ResourceManager : unable to find resource 'screen/index.html.vm' in any resource loader.
2016-10-27 17:11:08,504 - ResourceManager : unable to find resource 'screen/index.html.vm' in any resource loader.
2016-10-27 17:11:08,682 - ResourceManager : unable to find resource 'screen/index.html.vm' in any resource loader.
2016-10-27 17:11:09,454 - Cookie rejected: "$Version="1"; BAIDUID="5902DF0E068798F533BB795A3E42BC10:FG=1"; $Path="/"; $Domain=".baidu.com"". Domain attribute ".baidu.com" violates RFC 2109: host minus domain may not contain any dots
2016-10-27 17:11:10,157 - ResourceManager : unable to find resource 'screen/index.html.vm' in any resource loader.
2016-10-27 17:11:10,415 - ResourceManager : unable to find resource 'screen/index.html.vm' in any resource loader.
2016-10-27 17:11:10,599 - ResourceManager : unable to find resource 'screen/index.html.vm' in any resource loader.
2016-10-27 17:11:11,218 - Cookie rejected: "$Version="1"; BAIDUID="952C2EA05641CDF1C549FA1C96F92EC1:FG=1"; $Path="/"; $Domain=".baidu.com"". Domain attribute ".baidu.com" violates RFC 2109: host minus domain may not contain any dots
2016-10-27 17:11:11,286 - ResourceManager : unable to find resource 'screen/index.html.vm' in any resource loader.
2016-10-27 17:11:12,102 - ResourceManager : unable to find resource 'screen/index.html.vm' in any resource loader.
2016-10-27 17:11:12,697 - Cookie rejected: "$Version="1"; BAIDUID="D0630AE9D4D21D55A0612E8965BF9A4D:FG=1"; $Path="/"; $Domain=".baidu.com"". Domain attribute ".baidu.com" violates RFC 2109: host minus domain may not contain any dots
2016-10-27 17:11:17,039 - ResourceManager : unable to find resource 'screen/index.html.vm' in any resource loader.
2016-10-27 17:11:17,784 - Cookie rejected: "$Version="1"; BAIDUID="A3A4EF6DAABDC1B18A6CC70971729D99:FG=1"; $Path="/"; $Domain=".baidu.com"". Domain attribute ".baidu.com" violates RFC 2109: host minus domain may not contain any dots
2016-10-27 17:11:38,264 - ResourceManager : unable to find resource 'screen/index.html.vm' in any resource loader.
2016-10-27 17:11:38,790 - ResourceManager : unable to find resource 'screen/index.html.vm' in any resource loader.
2016-10-27 17:11:39,382 - ResourceManager : unable to find resource 'screen/index.html.vm' in any resource loader.
2016-10-27 17:11:39,863 - ResourceManager : unable to find resource 'screen/index.html.vm' in any resource loader.
2016-10-27 17:11:40,358 - ResourceManager : unable to find resource 'screen/index.html.vm' in any resource loader.
2016-10-27 17:11:41,719 - ResourceManager : unable to find resource 'screen/index.html.vm' in any resource loader.
2016-10-27 17:11:42,464 - Cookie rejected: "$Version="1"; BAIDUID="A2519B94BAA441D6B088D2FAB602E74B:FG=1"; $Path="/"; $Domain=".baidu.com"". Domain attribute ".baidu.com" violates RFC 2109: host minus domain may not contain any dots
2016-10-27 17:12:35,986 - ResourceManager : unable to find resource 'screen/index.html.vm' in any resource loader.
2016-10-27 17:12:36,566 - ResourceManager : unable to find resource 'screen/index.html.vm' in any resource loader.
2016-10-27 17:12:37,326 - Cookie rejected: "$Version="1"; BAIDUID="6F16665D543C5C479D0845B397606F6D:FG=1"; $Path="/"; $Domain=".baidu.com"". Domain attribute ".baidu.com" violates RFC 2109: host minus domain may not contain any dots
2016-10-27 17:12:41,839 - ResourceManager : unable to find resource 'screen/index.html.vm' in any resource loader.
2016-10-27 17:12:42,269 - ResourceManager : unable to find resource 'screen/index.html.vm' in any resource loader.
2016-10-27 17:12:42,686 - ResourceManager : unable to find resource 'screen/index.html.vm' in any resource loader.
2016-10-27 17:12:43,082 - ResourceManager : unable to find resource 'screen/index.html.vm' in any resource loader.
2016-10-27 17:12:43,397 - ResourceManager : unable to find resource 'screen/index.html.vm' in any resource loader.
2016-10-27 17:12:43,655 - ResourceManager : unable to find resource 'screen/index.html.vm' in any resource loader.
2016-10-27 17:12:43,908 - ResourceManager : unable to find resource 'screen/index.html.vm' in any resource loader.
2016-10-27 17:12:44,054 - ResourceManager : unable to find resource 'screen/index.html.vm' in any resource loader.
2016-10-27 17:12:44,177 - ResourceManager : unable to find resource 'screen/index.html.vm' in any resource loader.
2016-10-27 17:12:44,550 - ResourceManager : unable to find resource 'screen/index.html.vm' in any resource loader.
2016-10-27 17:12:44,824 - ResourceManager : unable to find resource 'screen/index.html.vm' in any resource loader.
2016-10-27 17:12:45,019 - ResourceManager : unable to find resource 'screen/index.html.vm' in any resource loader.
2016-10-27 17:12:45,834 - Cookie rejected: "$Version="1"; BAIDUID="0B94D26389E9C85D74377CE9F68E4FD5:FG=1"; $Path="/"; $Domain=".baidu.com"". Domain attribute ".baidu.com" violates RFC 2109: host minus domain may not contain any dots
2016-10-27 17:12:52,841 - ResourceManager : unable to find resource 'screen/index.html.vm' in any resource loader.
2016-10-27 17:12:53,556 - Cookie rejected: "$Version="1"; BAIDUID="49B561A35EF9D0F13B22745D836A0F38:FG=1"; $Path="/"; $Domain=".baidu.com"". Domain attribute ".baidu.com" violates RFC 2109: host minus domain may not contain any dots
2016-10-27 17:12:53,565 - ResourceManager : unable to find resource 'screen/index.html.vm' in any resource loader.
2016-10-27 17:12:54,289 - Cookie rejected: "$Version="1"; BAIDUID="9014666AEBE19029086B3629BC92F344:FG=1"; $Path="/"; $Domain=".baidu.com"". Domain attribute ".baidu.com" violates RFC 2109: host minus domain may not contain any dots
2016-10-27 17:12:55,112 - ResourceManager : unable to find resource 'screen/index.html.vm' in any resource loader.
2016-10-27 17:12:55,833 - Cookie rejected: "$Version="1"; BAIDUID="83928C0D12E13729A2438F7ACE5D8BCC:FG=1"; $Path="/"; $Domain=".baidu.com"". Domain attribute ".baidu.com" violates RFC 2109: host minus domain may not contain any dots
2016-10-27 17:12:56,183 - ResourceManager : unable to find resource 'screen/index.html.vm' in any resource loader.
2016-10-27 17:12:56,906 - Cookie rejected: "$Version="1"; BAIDUID="4DB50075313A311C1B4771AB77F8AFCA:FG=1"; $Path="/"; $Domain=".baidu.com"". Domain attribute ".baidu.com" violates RFC 2109: host minus domain may not contain any dots
2016-10-27 17:14:40,201 - ResourceManager : unable to find resource 'screen/index.html.vm' in any resource loader.
2016-10-27 17:14:41,116 - ResourceManager : unable to find resource 'screen/index.html.vm' in any resource loader.
2016-10-27 17:14:43,180 - Cookie rejected: "$Version="1"; BAIDUID="FFCBFA18A47A808EB240644D99CCFD7E:FG=1"; $Path="/"; $Domain=".baidu.com"". Domain attribute ".baidu.com" violates RFC 2109: host minus domain may not contain any dots
2016-10-27 17:14:57,008 - ResourceManager : unable to find resource 'screen/index.html.vm' in any resource loader.
2016-10-27 17:14:58,145 - ResourceManager : unable to find resource 'screen/index.html.vm' in any resource loader.
2016-10-27 17:14:59,272 - Cookie rejected: "$Version="1"; BAIDUID="585E8C0521426C22C1AA29C59DB0BA2D:FG=1"; $Path="/"; $Domain=".baidu.com"". Domain attribute ".baidu.com" violates RFC 2109: host minus domain may not contain any dots
2016-10-27 17:15:05,775 - ResourceManager : unable to find resource 'screen/index.html.vm' in any resource loader.
2016-10-27 17:15:06,301 - ResourceManager : unable to find resource 'screen/index.html.vm' in any resource loader.
2016-10-27 17:15:06,737 - ResourceManager : unable to find resource 'screen/index.html.vm' in any resource loader.
2016-10-27 17:15:06,999 - ResourceManager : unable to find resource 'screen/index.html.vm' in any resource loader.
2016-10-27 17:15:07,261 - ResourceManager : unable to find resource 'screen/index.html.vm' in any resource loader.
2016-10-27 17:15:07,420 - ResourceManager : unable to find resource 'screen/index.html.vm' in any resource loader.
2016-10-27 17:15:07,693 - ResourceManager : unable to find resource 'screen/index.html.vm' in any resource loader.
2016-10-27 17:15:08,218 - ResourceManager : unable to find resource 'screen/index.html.vm' in any resource loader.
2016-10-27 17:15:09,082 - Cookie rejected: "$Version="1"; BAIDUID="7AFADD0DE0B6C77E388846D73BA8C140:FG=1"; $Path="/"; $Domain=".baidu.com"". Domain attribute ".baidu.com" violates RFC 2109: host minus domain may not contain any dots
2016-10-27 17:15:09,633 - ResourceManager : unable to find resource 'screen/index.html.vm' in any resource loader.
2016-10-27 17:15:22,074 - ResourceManager : unable to find resource 'screen/index.html.vm' in any resource loader.
2016-10-27 17:15:22,978 - ResourceManager : unable to find resource 'screen/index.html.vm' in any resource loader.
2016-10-27 17:15:23,735 - Cookie rejected: "$Version="1"; BAIDUID="E670A339D954451E3B27D4D986F75CDB:FG=1"; $Path="/"; $Domain=".baidu.com"". Domain attribute ".baidu.com" violates RFC 2109: host minus domain may not contain any dots
2016-10-27 17:15:40,432 - ResourceManager : unable to find resource 'screen/index.html.vm' in any resource loader.
2016-10-27 17:15:40,947 - ResourceManager : unable to find resource 'screen/index.html.vm' in any resource loader.
2016-10-27 17:15:41,484 - ResourceManager : unable to find resource 'screen/index.html.vm' in any resource loader.
2016-10-27 17:15:42,057 - ResourceManager : unable to find resource 'screen/index.html.vm' in any resource loader.
2016-10-27 17:15:42,650 - ResourceManager : unable to find resource 'screen/index.html.vm' in any resource loader.
2016-10-27 17:15:44,172 - Cookie rejected: "$Version="1"; BAIDUID="7E3BB4E8C4AA9D323227CDDDC97A30E3:FG=1"; $Path="/"; $Domain=".baidu.com"". Domain attribute ".baidu.com" violates RFC 2109: host minus domain may not contain any dots
2016-10-27 17:16:03,329 - ResourceManager : unable to find resource 'screen/index.html.vm' in any resource loader.
2016-10-27 17:16:04,347 - ResourceManager : unable to find resource 'screen/index.html.vm' in any resource loader.
2016-10-27 17:16:04,905 - ResourceManager : unable to find resource 'screen/index.html.vm' in any resource loader.
2016-10-27 17:16:05,381 - ResourceManager : unable to find resource 'screen/index.html.vm' in any resource loader.
2016-10-27 17:16:05,688 - ResourceManager : unable to find resource 'screen/index.html.vm' in any resource loader.
2016-10-27 17:16:06,551 - Cookie rejected: "$Version="1"; BAIDUID="A01FE8E05227D0E54C4433DD348B7890:FG=1"; $Path="/"; $Domain=".baidu.com"". Domain attribute ".baidu.com" violates RFC 2109: host minus domain may not contain any dots
2016-10-27 17:17:19,755 - ResourceManager : unable to find resource 'screen/index.html.vm' in any resource loader.
2016-10-27 17:17:20,561 - ResourceManager : unable to find resource 'screen/index.html.vm' in any resource loader.
2016-10-27 17:17:21,194 - ResourceManager : unable to find resource 'screen/index.html.vm' in any resource loader.
2016-10-27 17:17:21,720 - ResourceManager : unable to find resource 'screen/index.html.vm' in any resource loader.
2016-10-27 17:17:22,153 - ResourceManager : unable to find resource 'screen/index.html.vm' in any resource loader.
2016-10-27 17:17:22,396 - ResourceManager : unable to find resource 'screen/index.html.vm' in any resource loader.
2016-10-27 17:17:22,595 - ResourceManager : unable to find resource 'screen/index.html.vm' in any resource loader.
2016-10-27 17:17:23,072 - ResourceManager : unable to find resource 'screen/index.html.vm' in any resource loader.
2016-10-27 17:17:23,808 - Cookie rejected: "$Version="1"; BAIDUID="C26DB4E109ADBBB06AE984B2E022FE49:FG=1"; $Path="/"; $Domain=".baidu.com"". Domain attribute ".baidu.com" violates RFC 2109: host minus domain may not contain any dots
2016-10-27 17:17:23,873 - ResourceManager : unable to find resource 'screen/index.html.vm' in any resource loader.
2016-10-27 17:17:24,616 - Cookie rejected: "$Version="1"; BAIDUID="F964F8469E812B1A0B8508134A18BBC6:FG=1"; $Path="/"; $Domain=".baidu.com"". Domain attribute ".baidu.com" violates RFC 2109: host minus domain may not contain any dots
2016-10-27 17:17:51,277 - ResourceManager : unable to find resource 'screen/index.html.vm' in any resource loader.
2016-10-27 17:17:52,127 - Cookie rejected: "$Version="1"; BAIDUID="AA107C699935A86EC67F04F2C9985985:FG=1"; $Path="/"; $Domain=".baidu.com"". Domain attribute ".baidu.com" violates RFC 2109: host minus domain may not contain any dots
2016-10-27 17:17:52,143 - ResourceManager : unable to find resource 'screen/index.html.vm' in any resource loader.
2016-10-27 17:17:52,895 - Cookie rejected: "$Version="1"; BAIDUID="12A777E6F00B853402586FEF848CA6F9:FG=1"; $Path="/"; $Domain=".baidu.com"". Domain attribute ".baidu.com" violates RFC 2109: host minus domain may not contain any dots
2016-10-27 17:17:58,617 - ResourceManager : unable to find resource 'screen/index.html.vm' in any resource loader.
2016-10-27 17:17:59,442 - Cookie rejected: "$Version="1"; BAIDUID="DDDFEE9E9BE018039A2136CCB700CB0F:FG=1"; $Path="/"; $Domain=".baidu.com"". Domain attribute ".baidu.com" violates RFC 2109: host minus domain may not contain any dots
2016-10-27 17:18:22,759 - ResourceManager : unable to find resource 'screen/index.html.vm' in any resource loader.
2016-10-27 17:18:23,394 - ResourceManager : unable to find resource 'screen/index.html.vm' in any resource loader.
2016-10-27 17:18:23,986 - ResourceManager : unable to find resource 'screen/index.html.vm' in any resource loader.
2016-10-27 17:18:24,596 - ResourceManager : unable to find resource 'screen/index.html.vm' in any resource loader.
2016-10-27 17:18:25,211 - ResourceManager : unable to find resource 'screen/index.html.vm' in any resource loader.
2016-10-27 17:18:26,004 - Cookie rejected: "$Version="1"; BAIDUID="B4A7E496748C6596756BEA5ADD478D93:FG=1"; $Path="/"; $Domain=".baidu.com"". Domain attribute ".baidu.com" violates RFC 2109: host minus domain may not contain any dots
2016-10-27 17:18:47,150 - ResourceManager : unable to find resource 'screen/index.html.vm' in any resource loader.
2016-10-27 17:18:48,016 - Cookie rejected: "$Version="1"; BAIDUID="5C22BB87F87C886560FFF9D23AA70D66:FG=1"; $Path="/"; $Domain=".baidu.com"". Domain attribute ".baidu.com" violates RFC 2109: host minus domain may not contain any dots
2016-10-27 17:19:13,117 - ResourceManager : unable to find resource 'screen/index.html.vm' in any resource loader.
2016-10-27 17:19:13,981 - Cookie rejected: "$Version="1"; BAIDUID="1A59A13619D382A5E4E72D7A0B9E4CF6:FG=1"; $Path="/"; $Domain=".baidu.com"". Domain attribute ".baidu.com" violates RFC 2109: host minus domain may not contain any dots
2016-10-27 17:19:33,880 - ResourceManager : unable to find resource 'screen/index.html.vm' in any resource loader.
2016-10-27 17:19:34,366 - ResourceManager : unable to find resource 'screen/index.html.vm' in any resource loader.
2016-10-27 17:19:34,895 - ResourceManager : unable to find resource 'screen/index.html.vm' in any resource loader.
2016-10-27 17:19:35,481 - ResourceManager : unable to find resource 'screen/index.html.vm' in any resource loader.
2016-10-27 17:19:36,199 - Cookie rejected: "$Version="1"; BAIDUID="DF98D78F2D36FAEE8997A2FBC8040AA6:FG=1"; $Path="/"; $Domain=".baidu.com"". Domain attribute ".baidu.com" violates RFC 2109: host minus domain may not contain any dots
2016-10-27 17:19:38,095 - ResourceManager : unable to find resource 'screen/index.html.vm' in any resource loader.
2016-10-27 17:19:38,779 - Cookie rejected: "$Version="1"; BAIDUID="2B33981200C96E90C4955B0E40359182:FG=1"; $Path="/"; $Domain=".baidu.com"". Domain attribute ".baidu.com" violates RFC 2109: host minus domain may not contain any dots
2016-10-27 17:20:01,592 - ResourceManager : unable to find resource 'screen/index.html.vm' in any resource loader.
2016-10-27 17:20:02,271 - ResourceManager : unable to find resource 'screen/index.html.vm' in any resource loader.
2016-10-27 17:20:02,864 - ResourceManager : unable to find resource 'screen/index.html.vm' in any resource loader.
2016-10-27 17:20:03,440 - ResourceManager : unable to find resource 'screen/index.html.vm' in any resource loader.
2016-10-27 17:20:03,975 - ResourceManager : unable to find resource 'screen/index.html.vm' in any resource loader.
2016-10-27 17:20:04,502 - ResourceManager : unable to find resource 'screen/index.html.vm' in any resource loader.
2016-10-27 17:20:05,247 - Cookie rejected: "$Version="1"; BAIDUID="10EEEEA5E1DD55672CE4644425023CEA:FG=1"; $Path="/"; $Domain=".baidu.com"". Domain attribute ".baidu.com" violates RFC 2109: host minus domain may not contain any dots
2016-10-27 17:20:34,249 - ResourceManager : unable to find resource 'screen/index.html.vm' in any resource loader.
2016-10-27 17:20:34,854 - ResourceManager : unable to find resource 'screen/index.html.vm' in any resource loader.
2016-10-27 17:20:35,449 - ResourceManager : unable to find resource 'screen/index.html.vm' in any resource loader.
2016-10-27 17:20:36,200 - Cookie rejected: "$Version="1"; BAIDUID="11F99EC68420582E125065041EEBB148:FG=1"; $Path="/"; $Domain=".baidu.com"". Domain attribute ".baidu.com" violates RFC 2109: host minus domain may not contain any dots
2016-10-27 17:20:36,216 - ResourceManager : unable to find resource 'screen/index.html.vm' in any resource loader.
2016-10-27 17:20:36,777 - ResourceManager : unable to find resource 'screen/index.html.vm' in any resource loader.
2016-10-27 17:20:37,011 - ResourceManager : unable to find resource 'screen/index.html.vm' in any resource loader.
2016-10-27 17:20:37,275 - ResourceManager : unable to find resource 'screen/index.html.vm' in any resource loader.
2016-10-27 17:20:39,182 - Cookie rejected: "$Version="1"; BAIDUID="8184165F18730AD76D9F37248F31D4F3:FG=1"; $Path="/"; $Domain=".baidu.com"". Domain attribute ".baidu.com" violates RFC 2109: host minus domain may not contain any dots
2016-10-27 17:21:01,754 - ResourceManager : unable to find resource 'screen/index.html.vm' in any resource loader.
2016-10-27 17:21:02,415 - ResourceManager : unable to find resource 'screen/index.html.vm' in any resource loader.
2016-10-27 17:21:03,071 - ResourceManager : unable to find resource 'screen/index.html.vm' in any resource loader.
2016-10-27 17:21:03,703 - ResourceManager : unable to find resource 'screen/index.html.vm' in any resource loader.
2016-10-27 17:21:04,271 - ResourceManager : unable to find resource 'screen/index.html.vm' in any resource loader.
2016-10-27 17:21:04,718 - ResourceManager : unable to find resource 'screen/index.html.vm' in any resource loader.
2016-10-27 17:21:05,435 - Cookie rejected: "$Version="1"; BAIDUID="C565270770AB2BE0C6B7BEAE959EF263:FG=1"; $Path="/"; $Domain=".baidu.com"". Domain attribute ".baidu.com" violates RFC 2109: host minus domain may not contain any dots
2016-10-27 17:21:26,120 - ResourceManager : unable to find resource 'screen/index.html.vm' in any resource loader.
2016-10-27 17:21:27,021 - ResourceManager : unable to find resource 'screen/index.html.vm' in any resource loader.
2016-10-27 17:21:27,490 - ResourceManager : unable to find resource 'screen/index.html.vm' in any resource loader.
2016-10-27 17:21:28,255 - Cookie rejected: "$Version="1"; BAIDUID="DFA0E0ECE056035CE8BF705DEF4865CB:FG=1"; $Path="/"; $Domain=".baidu.com"". Domain attribute ".baidu.com" violates RFC 2109: host minus domain may not contain any dots
2016-10-27 17:22:05,619 - ResourceManager : unable to find resource 'screen/index.html.vm' in any resource loader.
2016-10-27 17:22:06,354 - ResourceManager : unable to find resource 'screen/index.html.vm' in any resource loader.
2016-10-27 17:22:06,885 - ResourceManager : unable to find resource 'screen/index.html.vm' in any resource loader.
2016-10-27 17:22:07,475 - ResourceManager : unable to find resource 'screen/index.html.vm' in any resource loader.
2016-10-27 17:22:08,242 - ResourceManager : unable to find resource 'screen/index.html.vm' in any resource loader.
2016-10-27 17:22:08,476 - ResourceManager : unable to find resource 'screen/index.html.vm' in any resource loader.
2016-10-27 17:22:08,732 - ResourceManager : unable to find resource 'screen/index.html.vm' in any resource loader.
2016-10-27 17:22:09,457 - Cookie rejected: "$Version="1"; BAIDUID="8667850A113541FBBD224E5E065424A6:FG=1"; $Path="/"; $Domain=".baidu.com"". Domain attribute ".baidu.com" violates RFC 2109: host minus domain may not contain any dots
2016-10-27 17:22:48,218 - ResourceManager : unable to find resource 'screen/index.html.vm' in any resource loader.
2016-10-27 17:22:48,874 - ResourceManager : unable to find resource 'screen/index.html.vm' in any resource loader.
2016-10-27 17:22:49,457 - ResourceManager : unable to find resource 'screen/index.html.vm' in any resource loader.
2016-10-27 17:22:50,017 - ResourceManager : unable to find resource 'screen/index.html.vm' in any resource loader.
2016-10-27 17:22:50,549 - ResourceManager : unable to find resource 'screen/index.html.vm' in any resource loader.
2016-10-27 17:22:51,433 - ResourceManager : unable to find resource 'screen/index.html.vm' in any resource loader.
2016-10-27 17:22:52,146 - Cookie rejected: "$Version="1"; BAIDUID="68994F8B50DEDB37046D73C724B713FE:FG=1"; $Path="/"; $Domain=".baidu.com"". Domain attribute ".baidu.com" violates RFC 2109: host minus domain may not contain any dots
2016-10-27 17:23:02,488 - ResourceManager : unable to find resource 'screen/index.html.vm' in any resource loader.
2016-10-27 17:23:03,041 - ResourceManager : unable to find resource 'screen/index.html.vm' in any resource loader.
2016-10-27 17:23:03,602 - ResourceManager : unable to find resource 'screen/index.html.vm' in any resource loader.
2016-10-27 17:23:04,179 - ResourceManager : unable to find resource 'screen/index.html.vm' in any resource loader.
2016-10-27 17:23:04,224 - Cookie rejected: "$Version="1"; BAIDUID="43B3D906F5F3BC1124E52CAA9CC31119:FG=1"; $Path="/"; $Domain=".baidu.com"". Domain attribute ".baidu.com" violates RFC 2109: host minus domain may not contain any dots
2016-10-27 17:23:04,706 - ResourceManager : unable to find resource 'screen/index.html.vm' in any resource loader.
2016-10-27 17:23:05,217 - ResourceManager : unable to find resource 'screen/index.html.vm' in any resource loader.
2016-10-27 17:23:05,724 - ResourceManager : unable to find resource 'screen/index.html.vm' in any resource loader.
2016-10-27 17:23:06,353 - ResourceManager : unable to find resource 'screen/index.html.vm' in any resource loader.
2016-10-27 17:23:06,963 - ResourceManager : unable to find resource 'screen/index.html.vm' in any resource loader.
2016-10-27 17:23:07,207 - ResourceManager : unable to find resource 'screen/index.html.vm' in any resource loader.
2016-10-27 17:23:07,468 - ResourceManager : unable to find resource 'screen/index.html.vm' in any resource loader.
2016-10-27 17:23:07,568 - ResourceManager : unable to find resource 'screen/index.html.vm' in any resource loader.
2016-10-27 17:23:07,799 - ResourceManager : unable to find resource 'screen/index.html.vm' in any resource loader.
2016-10-27 17:23:08,618 - Cookie rejected: "$Version="1"; BAIDUID="737BE05DE2FB1E448DF1C8F34670E298:FG=1"; $Path="/"; $Domain=".baidu.com"". Domain attribute ".baidu.com" violates RFC 2109: host minus domain may not contain any dots
2016-10-27 17:23:21,353 - ResourceManager : unable to find resource 'screen/index.html.vm' in any resource loader.
2016-10-27 17:23:21,595 - ResourceManager : unable to find resource 'screen/index.html.vm' in any resource loader.
2016-10-27 17:23:22,355 - Cookie rejected: "$Version="1"; BAIDUID="B168EB923FBF50CAF0076938A6600044:FG=1"; $Path="/"; $Domain=".baidu.com"". Domain attribute ".baidu.com" violates RFC 2109: host minus domain may not contain any dots
2016-10-27 17:23:22,438 - ResourceManager : unable to find resource 'screen/index.html.vm' in any resource loader.
2016-10-27 17:23:22,687 - ResourceManager : unable to find resource 'screen/index.html.vm' in any resource loader.
2016-10-27 17:23:22,942 - ResourceManager : unable to find resource 'screen/index.html.vm' in any resource loader.
2016-10-27 17:23:23,709 - Cookie rejected: "$Version="1"; BAIDUID="E209BA0D493A256F17A25EE8670250F9:FG=1"; $Path="/"; $Domain=".baidu.com"". Domain attribute ".baidu.com" violates RFC 2109: host minus domain may not contain any dots
2016-10-27 17:23:27,930 - ResourceManager : unable to find resource 'screen/index.html.vm' in any resource loader.
2016-10-27 17:23:28,501 - ResourceManager : unable to find resource 'screen/index.html.vm' in any resource loader.
2016-10-27 17:23:28,978 - ResourceManager : unable to find resource 'screen/index.html.vm' in any resource loader.
2016-10-27 17:23:29,348 - ResourceManager : unable to find resource 'screen/index.html.vm' in any resource loader.
2016-10-27 17:23:30,076 - Cookie rejected: "$Version="1"; BAIDUID="D18275C0813CBCBE8C0AE9518201DA53:FG=1"; $Path="/"; $Domain=".baidu.com"". Domain attribute ".baidu.com" violates RFC 2109: host minus domain may not contain any dots
2016-10-27 17:23:30,513 - ResourceManager : unable to find resource 'screen/index.html.vm' in any resource loader.
2016-10-27 17:23:31,244 - Cookie rejected: "$Version="1"; BAIDUID="141C87951073752DEE334AD8C089A2FC:FG=1"; $Path="/"; $Domain=".baidu.com"". Domain attribute ".baidu.com" violates RFC 2109: host minus domain may not contain any dots
2016-10-27 17:23:41,505 - ResourceManager : unable to find resource 'screen/index.html.vm' in any resource loader.
2016-10-27 17:23:42,085 - ResourceManager : unable to find resource 'screen/index.html.vm' in any resource loader.
2016-10-27 17:23:42,640 - ResourceManager : unable to find resource 'screen/index.html.vm' in any resource loader.
2016-10-27 17:23:43,169 - ResourceManager : unable to find resource 'screen/index.html.vm' in any resource loader.
2016-10-27 17:23:43,751 - ResourceManager : unable to find resource 'screen/index.html.vm' in any resource loader.
2016-10-27 17:23:44,493 - Cookie rejected: "$Version="1"; BAIDUID="81036FA7573AACE8CED3435A7144EAB6:FG=1"; $Path="/"; $Domain=".baidu.com"". Domain attribute ".baidu.com" violates RFC 2109: host minus domain may not contain any dots
2016-10-27 17:24:54,554 - ResourceManager : unable to find resource 'screen/index.html.vm' in any resource loader.
2016-10-27 17:24:57,367 - ResourceManager : unable to find resource 'screen/index.html.vm' in any resource loader.
2016-10-27 17:24:58,076 - Cookie rejected: "$Version="1"; BAIDUID="924E38D0F98198F14B43F34824F58164:FG=1"; $Path="/"; $Domain=".baidu.com"". Domain attribute ".baidu.com" violates RFC 2109: host minus domain may not contain any dots
2016-10-27 17:25:06,384 - ResourceManager : unable to find resource 'screen/index.html.vm' in any resource loader.
2016-10-27 17:25:07,050 - ResourceManager : unable to find resource 'screen/index.html.vm' in any resource loader.
2016-10-27 17:25:07,805 - Cookie rejected: "$Version="1"; BAIDUID="ECE834FFBDF58DC98E84CE8A4390F570:FG=1"; $Path="/"; $Domain=".baidu.com"". Domain attribute ".baidu.com" violates RFC 2109: host minus domain may not contain any dots
2016-10-27 17:25:08,554 - ResourceManager : unable to find resource 'screen/index.html.vm' in any resource loader.
2016-10-27 17:25:09,290 - Cookie rejected: "$Version="1"; BAIDUID="C48F7C9BC4241CAF85C324A810759813:FG=1"; $Path="/"; $Domain=".baidu.com"". Domain attribute ".baidu.com" violates RFC 2109: host minus domain may not contain any dots
2016-10-27 17:25:21,337 - ResourceManager : unable to find resource 'screen/index.html.vm' in any resource loader.
2016-10-27 17:25:21,905 - ResourceManager : unable to find resource 'screen/index.html.vm' in any resource loader.
2016-10-27 17:25:22,467 - ResourceManager : unable to find resource 'screen/index.html.vm' in any resource loader.
2016-10-27 17:25:23,050 - ResourceManager : unable to find resource 'screen/index.html.vm' in any resource loader.
2016-10-27 17:25:23,649 - ResourceManager : unable to find resource 'screen/index.html.vm' in any resource loader.
2016-10-27 17:25:24,576 - Cookie rejected: "$Version="1"; BAIDUID="C094A430C99CAC974CF499D89255E3BC:FG=1"; $Path="/"; $Domain=".baidu.com"". Domain attribute ".baidu.com" violates RFC 2109: host minus domain may not contain any dots
2016-10-27 17:26:21,345 - ResourceManager : unable to find resource 'screen/index.html.vm' in any resource loader.
2016-10-27 17:26:22,277 - Cookie rejected: "$Version="1"; BAIDUID="40F840C58420A8EC85D989BE49696B8B:FG=1"; $Path="/"; $Domain=".baidu.com"". Domain attribute ".baidu.com" violates RFC 2109: host minus domain may not contain any dots
2016-10-27 17:26:32,770 - ResourceManager : unable to find resource 'screen/index.html.vm' in any resource loader.
2016-10-27 17:26:33,474 - Cookie rejected: "$Version="1"; BAIDUID="927108DAB9B53FC10D34E7F156E945A2:FG=1"; $Path="/"; $Domain=".baidu.com"". Domain attribute ".baidu.com" violates RFC 2109: host minus domain may not contain any dots
2016-10-27 17:26:33,518 - ResourceManager : unable to find resource 'screen/index.html.vm' in any resource loader.
2016-10-27 17:26:34,153 - ResourceManager : unable to find resource 'screen/index.html.vm' in any resource loader.
2016-10-27 17:26:34,753 - ResourceManager : unable to find resource 'screen/index.html.vm' in any resource loader.
2016-10-27 17:26:35,270 - ResourceManager : unable to find resource 'screen/index.html.vm' in any resource loader.
2016-10-27 17:26:35,674 - ResourceManager : unable to find resource 'screen/index.html.vm' in any resource loader.
2016-10-27 17:26:36,405 - Cookie rejected: "$Version="1"; BAIDUID="4E4E5784763F89E56F59723E5C8CBE1E:FG=1"; $Path="/"; $Domain=".baidu.com"". Domain attribute ".baidu.com" violates RFC 2109: host minus domain may not contain any dots
2016-10-27 17:26:53,065 - ResourceManager : unable to find resource 'screen/index.html.vm' in any resource loader.
2016-10-27 17:26:53,550 - ResourceManager : unable to find resource 'screen/index.html.vm' in any resource loader.
2016-10-27 17:26:54,058 - ResourceManager : unable to find resource 'screen/index.html.vm' in any resource loader.
2016-10-27 17:26:54,584 - ResourceManager : unable to find resource 'screen/index.html.vm' in any resource loader.
2016-10-27 17:26:55,099 - ResourceManager : unable to find resource 'screen/index.html.vm' in any resource loader.
2016-10-27 17:26:55,808 - Cookie rejected: "$Version="1"; BAIDUID="8CEFC15CB519B62AF93958B70BF0021C:FG=1"; $Path="/"; $Domain=".baidu.com"". Domain attribute ".baidu.com" violates RFC 2109: host minus domain may not contain any dots
2016-10-27 17:27:07,481 - ResourceManager : unable to find resource 'screen/index.html.vm' in any resource loader.
2016-10-27 17:27:08,169 - ResourceManager : unable to find resource 'screen/index.html.vm' in any resource loader.
2016-10-27 17:27:08,201 - Cookie rejected: "$Version="1"; BAIDUID="784225B1B7E44384B26D03A6A573E19D:FG=1"; $Path="/"; $Domain=".baidu.com"". Domain attribute ".baidu.com" violates RFC 2109: host minus domain may not contain any dots
2016-10-27 17:27:08,754 - ResourceManager : unable to find resource 'screen/index.html.vm' in any resource loader.
2016-10-27 17:27:09,273 - ResourceManager : unable to find resource 'screen/index.html.vm' in any resource loader.
2016-10-27 17:27:09,906 - ResourceManager : unable to find resource 'screen/index.html.vm' in any resource loader.
2016-10-27 17:27:10,713 - Cookie rejected: "$Version="1"; BAIDUID="293051B1FD1859C4FDA3BC4AA9DEF973:FG=1"; $Path="/"; $Domain=".baidu.com"". Domain attribute ".baidu.com" violates RFC 2109: host minus domain may not contain any dots
2016-10-27 17:27:23,498 - ResourceManager : unable to find resource 'screen/index.html.vm' in any resource loader.
2016-10-27 17:27:24,100 - ResourceManager : unable to find resource 'screen/index.html.vm' in any resource loader.
2016-10-27 17:27:24,658 - ResourceManager : unable to find resource 'screen/index.html.vm' in any resource loader.
2016-10-27 17:27:25,217 - ResourceManager : unable to find resource 'screen/index.html.vm' in any resource loader.
2016-10-27 17:27:25,689 - ResourceManager : unable to find resource 'screen/index.html.vm' in any resource loader.
2016-10-27 17:27:26,948 - Cookie rejected: "$Version="1"; BAIDUID="2E939C434E024F35E34F70054640785E:FG=1"; $Path="/"; $Domain=".baidu.com"". Domain attribute ".baidu.com" violates RFC 2109: host minus domain may not contain any dots
2016-10-27 17:28:00,088 - ResourceManager : unable to find resource 'screen/index.html.vm' in any resource loader.
2016-10-27 17:28:00,802 - Cookie rejected: "$Version="1"; BAIDUID="DF560CAE320C955FA052E275F5F76D81:FG=1"; $Path="/"; $Domain=".baidu.com"". Domain attribute ".baidu.com" violates RFC 2109: host minus domain may not contain any dots
2016-10-27 17:28:00,938 - ResourceManager : unable to find resource 'screen/index.html.vm' in any resource loader.
2016-10-27 17:28:01,505 - ResourceManager : unable to find resource 'screen/index.html.vm' in any resource loader.
2016-10-27 17:28:02,050 - ResourceManager : unable to find resource 'screen/index.html.vm' in any resource loader.
2016-10-27 17:28:02,553 - ResourceManager : unable to find resource 'screen/index.html.vm' in any resource loader.
2016-10-27 17:28:03,283 - Cookie rejected: "$Version="1"; BAIDUID="E22372F67892E6EC0A8C7E5018F3264A:FG=1"; $Path="/"; $Domain=".baidu.com"". Domain attribute ".baidu.com" violates RFC 2109: host minus domain may not contain any dots
2016-10-27 17:28:22,175 - ResourceManager : unable to find resource 'screen/index.html.vm' in any resource loader.
2016-10-27 17:28:22,868 - ResourceManager : unable to find resource 'screen/index.html.vm' in any resource loader.
2016-10-27 17:28:23,417 - ResourceManager : unable to find resource 'screen/index.html.vm' in any resource loader.
2016-10-27 17:28:23,978 - ResourceManager : unable to find resource 'screen/index.html.vm' in any resource loader.
2016-10-27 17:28:24,485 - ResourceManager : unable to find resource 'screen/index.html.vm' in any resource loader.
2016-10-27 17:28:25,011 - ResourceManager : unable to find resource 'screen/index.html.vm' in any resource loader.
2016-10-27 17:28:25,505 - ResourceManager : unable to find resource 'screen/index.html.vm' in any resource loader.
2016-10-27 17:28:26,018 - ResourceManager : unable to find resource 'screen/index.html.vm' in any resource loader.
2016-10-27 17:28:26,547 - ResourceManager : unable to find resource 'screen/index.html.vm' in any resource loader.
2016-10-27 17:28:27,036 - ResourceManager : unable to find resource 'screen/index.html.vm' in any resource loader.
2016-10-27 17:28:27,554 - ResourceManager : unable to find resource 'screen/index.html.vm' in any resource loader.
2016-10-27 17:28:28,058 - ResourceManager : unable to find resource 'screen/index.html.vm' in any resource loader.
2016-10-27 17:28:28,568 - ResourceManager : unable to find resource 'screen/index.html.vm' in any resource loader.
2016-10-27 17:28:28,953 - ResourceManager : unable to find resource 'screen/index.html.vm' in any resource loader.
2016-10-27 17:28:29,180 - ResourceManager : unable to find resource 'screen/index.html.vm' in any resource loader.
2016-10-27 17:28:29,433 - ResourceManager : unable to find resource 'screen/index.html.vm' in any resource loader.
2016-10-27 17:28:29,583 - ResourceManager : unable to find resource 'screen/index.html.vm' in any resource loader.
2016-10-27 17:28:29,793 - ResourceManager : unable to find resource 'screen/index.html.vm' in any resource loader.
2016-10-27 17:28:30,600 - Cookie rejected: "$Version="1"; BAIDUID="7A9B723254CE4051D384DBC5DE5E9842:FG=1"; $Path="/"; $Domain=".baidu.com"". Domain attribute ".baidu.com" violates RFC 2109: host minus domain may not contain any dots
2016-10-27 17:28:31,129 - ResourceManager : unable to find resource 'screen/index.html.vm' in any resource loader.
2016-10-27 17:28:31,880 - Cookie rejected: "$Version="1"; BAIDUID="6F9D592161BC77CD662011106A311199:FG=1"; $Path="/"; $Domain=".baidu.com"". Domain attribute ".baidu.com" violates RFC 2109: host minus domain may not contain any dots
2016-10-27 17:28:40,249 - ResourceManager : unable to find resource 'screen/index.html.vm' in any resource loader.
2016-10-27 17:28:40,977 - Cookie rejected: "$Version="1"; BAIDUID="E43D3A4A7800CF130C53138F15E071D7:FG=1"; $Path="/"; $Domain=".baidu.com"". Domain attribute ".baidu.com" violates RFC 2109: host minus domain may not contain any dots
2016-10-27 17:28:44,737 - ResourceManager : unable to find resource 'screen/index.html.vm' in any resource loader.
2016-10-27 17:28:45,210 - ResourceManager : unable to find resource 'screen/index.html.vm' in any resource loader.
2016-10-27 17:28:45,619 - ResourceManager : unable to find resource 'screen/index.html.vm' in any resource loader.
2016-10-27 17:28:46,034 - ResourceManager : unable to find resource 'screen/index.html.vm' in any resource loader.
2016-10-27 17:28:46,484 - ResourceManager : unable to find resource 'screen/index.html.vm' in any resource loader.
2016-10-27 17:28:46,903 - ResourceManager : unable to find resource 'screen/index.html.vm' in any resource loader.
2016-10-27 17:28:47,150 - ResourceManager : unable to find resource 'screen/index.html.vm' in any resource loader.
2016-10-27 17:28:47,429 - ResourceManager : unable to find resource 'screen/index.html.vm' in any resource loader.
2016-10-27 17:28:48,659 - Cookie rejected: "$Version="1"; BAIDUID="BFAFAA68F49AD5B642C83E15B77F8F67:FG=1"; $Path="/"; $Domain=".baidu.com"". Domain attribute ".baidu.com" violates RFC 2109: host minus domain may not contain any dots
2016-10-27 17:29:54,905 - ResourceManager : unable to find resource 'screen/index.html.vm' in any resource loader.
2016-10-27 17:29:55,666 - Cookie rejected: "$Version="1"; BAIDUID="3C848AE6E0C670F0636F58B85CBAC280:FG=1"; $Path="/"; $Domain=".baidu.com"". Domain attribute ".baidu.com" violates RFC 2109: host minus domain may not contain any dots
2016-10-27 17:29:56,106 - ResourceManager : unable to find resource 'screen/index.html.vm' in any resource loader.
2016-10-27 17:29:56,690 - ResourceManager : unable to find resource 'screen/index.html.vm' in any resource loader.
2016-10-27 17:29:57,440 - Cookie rejected: "$Version="1"; BAIDUID="60740163166601F55276D75402100C1B:FG=1"; $Path="/"; $Domain=".baidu.com"". Domain attribute ".baidu.com" violates RFC 2109: host minus domain may not contain any dots
2016-10-27 17:29:57,651 - ResourceManager : unable to find resource 'screen/index.html.vm' in any resource loader.
2016-10-27 17:29:58,179 - ResourceManager : unable to find resource 'screen/index.html.vm' in any resource loader.
2016-10-27 17:29:58,931 - Cookie rejected: "$Version="1"; BAIDUID="C843397C378084A2D2C4B98D1B949166:FG=1"; $Path="/"; $Domain=".baidu.com"". Domain attribute ".baidu.com" violates RFC 2109: host minus domain may not contain any dots
2016-10-27 17:30:17,737 - ResourceManager : unable to find resource 'screen/index.html.vm' in any resource loader.
2016-10-27 17:30:18,458 - ResourceManager : unable to find resource 'screen/index.html.vm' in any resource loader.
2016-10-27 17:30:18,978 - ResourceManager : unable to find resource 'screen/index.html.vm' in any resource loader.
2016-10-27 17:30:19,501 - ResourceManager : unable to find resource 'screen/index.html.vm' in any resource loader.
2016-10-27 17:30:19,980 - ResourceManager : unable to find resource 'screen/index.html.vm' in any resource loader.
2016-10-27 17:30:20,721 - Cookie rejected: "$Version="1"; BAIDUID="238CC9CB77A6DD8A9A7EF696CFB49C76:FG=1"; $Path="/"; $Domain=".baidu.com"". Domain attribute ".baidu.com" violates RFC 2109: host minus domain may not contain any dots
2016-10-27 17:30:44,002 - Cookie rejected: "$Version="1"; BAIDUID="D375C087E277FC7BC33FD00C6E0C88B1:FG=1"; $Path="/"; $Domain=".baidu.com"". Domain attribute ".baidu.com" violates RFC 2109: host minus domain may not contain any dots
2016-10-27 17:31:07,723 - ResourceManager : unable to find resource 'screen/index.html.vm' in any resource loader.
2016-10-27 17:31:08,431 - Cookie rejected: "$Version="1"; BAIDUID="BD0EF4AFD7F0F75844547C5477318DEB:FG=1"; $Path="/"; $Domain=".baidu.com"". Domain attribute ".baidu.com" violates RFC 2109: host minus domain may not contain any dots
2016-10-27 17:31:52,739 - ResourceManager : unable to find resource 'screen/index.html.vm' in any resource loader.
2016-10-27 17:31:53,417 - ResourceManager : unable to find resource 'screen/index.html.vm' in any resource loader.
2016-10-27 17:31:53,437 - Cookie rejected: "$Version="1"; BAIDUID="00AD7B80550BA4656D03CDA794127B88:FG=1"; $Path="/"; $Domain=".baidu.com"". Domain attribute ".baidu.com" violates RFC 2109: host minus domain may not contain any dots
2016-10-27 17:31:53,960 - ResourceManager : unable to find resource 'screen/index.html.vm' in any resource loader.
2016-10-27 17:31:54,472 - ResourceManager : unable to find resource 'screen/index.html.vm' in any resource loader.
2016-10-27 17:31:54,959 - ResourceManager : unable to find resource 'screen/index.html.vm' in any resource loader.
2016-10-27 17:31:55,584 - Cookie rejected: "$Version="1"; BAIDUID="146B258673EB601781FFD90D952C12D4:FG=1"; $Path="/"; $Domain=".baidu.com"". Domain attribute ".baidu.com" violates RFC 2109: host minus domain may not contain any dots
2016-10-27 17:32:21,608 - ResourceManager : unable to find resource 'screen/index.html.vm' in any resource loader.
2016-10-27 17:32:22,302 - Cookie rejected: "$Version="1"; BAIDUID="2C2C0D4B1B61B304631E3F1210212EF9:FG=1"; $Path="/"; $Domain=".baidu.com"". Domain attribute ".baidu.com" violates RFC 2109: host minus domain may not contain any dots
2016-10-27 17:32:22,329 - ResourceManager : unable to find resource 'screen/index.html.vm' in any resource loader.
2016-10-27 17:32:22,943 - Cookie rejected: "$Version="1"; BAIDUID="1A9F95D84926A8E2FE8A12FE1FB54405:FG=1"; $Path="/"; $Domain=".baidu.com"". Domain attribute ".baidu.com" violates RFC 2109: host minus domain may not contain any dots
2016-10-27 17:32:22,945 - ResourceManager : unable to find resource 'screen/index.html.vm' in any resource loader.
2016-10-27 17:32:23,431 - ResourceManager : unable to find resource 'screen/index.html.vm' in any resource loader.
2016-10-27 17:32:23,658 - ResourceManager : unable to find resource 'screen/index.html.vm' in any resource loader.
2016-10-27 17:32:23,848 - ResourceManager : unable to find resource 'screen/index.html.vm' in any resource loader.
2016-10-27 17:32:25,546 - Cookie rejected: "$Version="1"; BAIDUID="42BE20A4FB26127227E9F1183B023D4A:FG=1"; $Path="/"; $Domain=".baidu.com"". Domain attribute ".baidu.com" violates RFC 2109: host minus domain may not contain any dots
2016-10-27 17:34:05,763 - ResourceManager : unable to find resource 'screen/index.html.vm' in any resource loader.
2016-10-27 17:34:12,958 - Cookie rejected: "$Version="1"; BAIDUID="2DBF3B5847FF9B9208D5712FB7B6B3B6:FG=1"; $Path="/"; $Domain=".baidu.com"". Domain attribute ".baidu.com" violates RFC 2109: host minus domain may not contain any dots
2016-10-27 17:34:54,156 - ResourceManager : unable to find resource 'screen/index.html.vm' in any resource loader.
2016-10-27 17:34:54,865 - Cookie rejected: "$Version="1"; BAIDUID="473ED9E57703CDD526C8D31A44427FCB:FG=1"; $Path="/"; $Domain=".baidu.com"". Domain attribute ".baidu.com" violates RFC 2109: host minus domain may not contain any dots
2016-10-27 17:36:41,922 - ResourceManager : unable to find resource 'screen/index.html.vm' in any resource loader.
2016-10-27 17:36:51,273 - ResourceManager : unable to find resource 'screen/index.html.vm' in any resource loader.
2016-10-27 17:36:54,857 - Cookie rejected: "$Version="1"; BAIDUID="9639502156FC4734A52C3ED2D70BB761:FG=1"; $Path="/"; $Domain=".baidu.com"". Domain attribute ".baidu.com" violates RFC 2109: host minus domain may not contain any dots
2016-10-27 17:37:14,203 - ResourceManager : unable to find resource 'screen/index.html.vm' in any resource loader.
2016-10-27 17:37:14,786 - ResourceManager : unable to find resource 'screen/index.html.vm' in any resource loader.
2016-10-27 17:37:15,290 - ResourceManager : unable to find resource 'screen/index.html.vm' in any resource loader.
2016-10-27 17:37:15,744 - ResourceManager : unable to find resource 'screen/index.html.vm' in any resource loader.
2016-10-27 17:37:16,290 - ResourceManager : unable to find resource 'screen/index.html.vm' in any resource loader.
2016-10-27 17:37:18,256 - Cookie rejected: "$Version="1"; BAIDUID="6342B1EEAAB27ACD43E2019E2AA2E948:FG=1"; $Path="/"; $Domain=".baidu.com"". Domain attribute ".baidu.com" violates RFC 2109: host minus domain may not contain any dots
2016-10-27 17:37:27,659 - ResourceManager : unable to find resource 'screen/index.html.vm' in any resource loader.
2016-10-27 17:37:39,076 - Cookie rejected: "$Version="1"; BAIDUID="ABB88A90CB64B36AB2E13867C766F2CE:FG=1"; $Path="/"; $Domain=".baidu.com"". Domain attribute ".baidu.com" violates RFC 2109: host minus domain may not contain any dots
2016-10-27 17:37:50,587 - ResourceManager : unable to find resource 'screen/index.html.vm' in any resource loader.
2016-10-27 17:37:51,547 - ResourceManager : unable to find resource 'screen/index.html.vm' in any resource loader.
2016-10-27 17:37:52,224 - ResourceManager : unable to find resource 'screen/index.html.vm' in any resource loader.
2016-10-27 17:37:52,761 - ResourceManager : unable to find resource 'screen/index.html.vm' in any resource loader.
2016-10-27 17:37:53,241 - ResourceManager : unable to find resource 'screen/index.html.vm' in any resource loader.
2016-10-27 17:37:53,689 - ResourceManager : unable to find resource 'screen/index.html.vm' in any resource loader.
2016-10-27 17:37:54,122 - ResourceManager : unable to find resource 'screen/index.html.vm' in any resource loader.
2016-10-27 17:37:54,552 - ResourceManager : unable to find resource 'screen/index.html.vm' in any resource loader.
2016-10-27 17:37:54,898 - ResourceManager : unable to find resource 'screen/index.html.vm' in any resource loader.
2016-10-27 17:37:55,113 - ResourceManager : unable to find resource 'screen/index.html.vm' in any resource loader.
2016-10-27 17:38:14,920 - ResourceManager : unable to find resource 'screen/index.html.vm' in any resource loader.
2016-10-27 17:38:15,576 - ResourceManager : unable to find resource 'screen/index.html.vm' in any resource loader.
2016-10-27 17:38:16,192 - ResourceManager : unable to find resource 'screen/index.html.vm' in any resource loader.
2016-10-27 17:38:16,743 - ResourceManager : unable to find resource 'screen/index.html.vm' in any resource loader.
2016-10-27 17:38:17,312 - ResourceManager : unable to find resource 'screen/index.html.vm' in any resource loader.
2016-10-27 17:38:17,689 - ResourceManager : unable to find resource 'screen/index.html.vm' in any resource loader.
2016-10-27 17:38:17,921 - ResourceManager : unable to find resource 'screen/index.html.vm' in any resource loader.
2016-10-27 17:38:18,138 - ResourceManager : unable to find resource 'screen/index.html.vm' in any resource loader.
2016-10-27 17:38:18,353 - ResourceManager : unable to find resource 'screen/index.html.vm' in any resource loader.
2016-10-27 17:38:18,559 - ResourceManager : unable to find resource 'screen/index.html.vm' in any resource loader.
2016-10-27 17:38:18,720 - ResourceManager : unable to find resource 'screen/index.html.vm' in any resource loader.
2016-10-27 17:38:18,910 - ResourceManager : unable to find resource 'screen/index.html.vm' in any resource loader.
2016-10-27 17:38:19,096 - ResourceManager : unable to find resource 'screen/index.html.vm' in any resource loader.
2016-10-27 17:38:19,275 - ResourceManager : unable to find resource 'screen/index.html.vm' in any resource loader.
2016-10-27 17:38:19,435 - ResourceManager : unable to find resource 'screen/index.html.vm' in any resource loader.
2016-10-27 17:38:19,607 - ResourceManager : unable to find resource 'screen/index.html.vm' in any resource loader.
2016-10-27 17:38:20,896 - ResourceManager : unable to find resource 'screen/index.html.vm' in any resource loader.
2016-10-27 17:38:21,536 - ResourceManager : unable to find resource 'screen/index.html.vm' in any resource loader.
2016-10-27 17:38:22,040 - ResourceManager : unable to find resource 'screen/index.html.vm' in any resource loader.
2016-10-27 17:38:23,617 - ResourceManager : unable to find resource 'screen/index.html.vm' in any resource loader.
2016-10-27 17:38:35,651 - ResourceManager : unable to find resource 'screen/index.html.vm' in any resource loader.
2016-10-27 17:38:36,233 - ResourceManager : unable to find resource 'screen/index.html.vm' in any resource loader.
2016-10-27 17:38:36,687 - ResourceManager : unable to find resource 'screen/index.html.vm' in any resource loader.
2016-10-27 17:38:36,888 - ResourceManager : unable to find resource 'screen/index.html.vm' in any resource loader.
2016-10-27 17:38:37,068 - ResourceManager : unable to find resource 'screen/index.html.vm' in any resource loader.
2016-10-27 17:38:37,220 - ResourceManager : unable to find resource 'screen/index.html.vm' in any resource loader.
2016-10-27 17:38:37,384 - ResourceManager : unable to find resource 'screen/index.html.vm' in any resource loader.
2016-10-27 17:38:40,484 - Cookie rejected: "$Version="1"; BAIDUID="FB377236AD9BD93277A0C6B985CC81B9:FG=1"; $Path="/"; $Domain=".baidu.com"". Domain attribute ".baidu.com" violates RFC 2109: host minus domain may not contain any dots
2016-10-27 17:39:07,362 - ResourceManager : unable to find resource 'screen/index.html.vm' in any resource loader.
2016-10-27 17:39:08,614 - Cookie rejected: "$Version="1"; BAIDUID="70A32CF68861FB5BC7049EE27F8F62BF:FG=1"; $Path="/"; $Domain=".baidu.com"". Domain attribute ".baidu.com" violates RFC 2109: host minus domain may not contain any dots
2016-10-27 17:40:07,009 - ResourceManager : unable to find resource 'screen/index.html.vm' in any resource loader.
2016-10-27 17:40:07,680 - Cookie rejected: "$Version="1"; BAIDUID="7364A35190C740873F3737F2BA73A5A6:FG=1"; $Path="/"; $Domain=".baidu.com"". Domain attribute ".baidu.com" violates RFC 2109: host minus domain may not contain any dots
2016-10-27 17:40:08,099 - ResourceManager : unable to find resource 'screen/index.html.vm' in any resource loader.
2016-10-27 17:40:08,791 - Cookie rejected: "$Version="1"; BAIDUID="FD779E097103A6993E27B7F1CDBA3E87:FG=1"; $Path="/"; $Domain=".baidu.com"". Domain attribute ".baidu.com" violates RFC 2109: host minus domain may not contain any dots
2016-10-27 17:41:43,947 - ResourceManager : unable to find resource 'screen/index.html.vm' in any resource loader.
2016-10-27 17:42:00,341 - Cookie rejected: "$Version="1"; BAIDUID="FE67B857EE028C381C3EDB83566B8CB5:FG=1"; $Path="/"; $Domain=".baidu.com"". Domain attribute ".baidu.com" violates RFC 2109: host minus domain may not contain any dots
2016-10-27 17:42:12,275 - ResourceManager : unable to find resource 'screen/index.html.vm' in any resource loader.
2016-10-27 17:42:13,402 - ResourceManager : unable to find resource 'screen/index.html.vm' in any resource loader.
2016-10-27 17:42:14,440 - Cookie rejected: "$Version="1"; BAIDUID="EE36610893998750530F19921BE3A8AC:FG=1"; $Path="/"; $Domain=".baidu.com"". Domain attribute ".baidu.com" violates RFC 2109: host minus domain may not contain any dots
2016-10-27 17:42:19,681 - ResourceManager : unable to find resource 'screen/index.html.vm' in any resource loader.
2016-10-27 17:42:20,554 - ResourceManager : unable to find resource 'screen/index.html.vm' in any resource loader.
2016-10-27 17:42:21,136 - ResourceManager : unable to find resource 'screen/index.html.vm' in any resource loader.
2016-10-27 17:42:21,626 - ResourceManager : unable to find resource 'screen/index.html.vm' in any resource loader.
2016-10-27 17:42:21,882 - ResourceManager : unable to find resource 'screen/index.html.vm' in any resource loader.
2016-10-27 17:42:22,087 - ResourceManager : unable to find resource 'screen/index.html.vm' in any resource loader.
2016-10-27 17:42:22,306 - ResourceManager : unable to find resource 'screen/index.html.vm' in any resource loader.
2016-10-27 17:42:27,328 - ResourceManager : unable to find resource 'screen/index.html.vm' in any resource loader.
2016-10-27 17:42:38,217 - ResourceManager : unable to find resource 'screen/index.html.vm' in any resource loader.
2016-10-27 17:42:48,052 - Cookie rejected: "$Version="1"; BAIDUID="929197CC6C65C580C73EB951BE3310C4:FG=1"; $Path="/"; $Domain=".baidu.com"". Domain attribute ".baidu.com" violates RFC 2109: host minus domain may not contain any dots
2016-10-27 17:43:08,672 - ResourceManager : unable to find resource 'screen/index.html.vm' in any resource loader.
2016-10-27 17:43:09,396 - Cookie rejected: "$Version="1"; BAIDUID="EEFBE43F7EBECD59FCA32C73D640F306:FG=1"; $Path="/"; $Domain=".baidu.com"". Domain attribute ".baidu.com" violates RFC 2109: host minus domain may not contain any dots
2016-10-27 17:43:20,267 - ResourceManager : unable to find resource 'screen/index.html.vm' in any resource loader.
2016-10-27 17:43:21,072 - ResourceManager : unable to find resource 'screen/index.html.vm' in any resource loader.
2016-10-27 17:43:35,586 - ResourceManager : unable to find resource 'screen/index.html.vm' in any resource loader.
2016-10-27 17:43:36,202 - ResourceManager : unable to find resource 'screen/index.html.vm' in any resource loader.
2016-10-27 17:43:36,673 - ResourceManager : unable to find resource 'screen/index.html.vm' in any resource loader.
2016-10-27 17:43:37,137 - ResourceManager : unable to find resource 'screen/index.html.vm' in any resource loader.
2016-10-27 17:43:37,576 - ResourceManager : unable to find resource 'screen/index.html.vm' in any resource loader.
2016-10-27 17:43:38,059 - ResourceManager : unable to find resource 'screen/index.html.vm' in any resource loader.
2016-10-27 17:43:38,256 - ResourceManager : unable to find resource 'screen/index.html.vm' in any resource loader.
2016-10-27 17:43:38,433 - ResourceManager : unable to find resource 'screen/index.html.vm' in any resource loader.
2016-10-27 17:43:38,617 - ResourceManager : unable to find resource 'screen/index.html.vm' in any resource loader.
2016-10-27 17:43:38,801 - ResourceManager : unable to find resource 'screen/index.html.vm' in any resource loader.
2016-10-27 17:43:44,388 - Cookie rejected: "$Version="1"; BAIDUID="902983591205575BD0D2759C1285DB61:FG=1"; $Path="/"; $Domain=".baidu.com"". Domain attribute ".baidu.com" violates RFC 2109: host minus domain may not contain any dots
2016-10-27 17:44:00,008 - ResourceManager : unable to find resource 'screen/index.html.vm' in any resource loader.
2016-10-27 17:44:01,662 - Cookie rejected: "$Version="1"; BAIDUID="98C02A8F2B2821C6BAE444E9FFA06155:FG=1"; $Path="/"; $Domain=".baidu.com"". Domain attribute ".baidu.com" violates RFC 2109: host minus domain may not contain any dots
2016-10-27 17:44:35,947 - ResourceManager : unable to find resource 'screen/index.html.vm' in any resource loader.
2016-10-27 17:44:37,375 - ResourceManager : unable to find resource 'screen/index.html.vm' in any resource loader.
2016-10-27 17:44:46,054 - ResourceManager : unable to find resource 'screen/index.html.vm' in any resource loader.
2016-10-27 17:44:46,506 - ResourceManager : unable to find resource 'screen/index.html.vm' in any resource loader.
2016-10-27 17:44:46,904 - ResourceManager : unable to find resource 'screen/index.html.vm' in any resource loader.
2016-10-27 17:44:47,360 - ResourceManager : unable to find resource 'screen/index.html.vm' in any resource loader.
2016-10-27 17:44:47,897 - ResourceManager : unable to find resource 'screen/index.html.vm' in any resource loader.
2016-10-27 17:44:48,409 - ResourceManager : unable to find resource 'screen/index.html.vm' in any resource loader.
2016-10-27 17:44:55,001 - ResourceManager : unable to find resource 'screen/index.html.vm' in any resource loader.
2016-10-27 17:44:55,496 - ResourceManager : unable to find resource 'screen/index.html.vm' in any resource loader.
2016-10-27 17:44:55,920 - ResourceManager : unable to find resource 'screen/index.html.vm' in any resource loader.
2016-10-27 17:44:56,328 - ResourceManager : unable to find resource 'screen/index.html.vm' in any resource loader.
2016-10-27 17:44:56,665 - ResourceManager : unable to find resource 'screen/index.html.vm' in any resource loader.
2016-10-27 17:44:56,881 - ResourceManager : unable to find resource 'screen/index.html.vm' in any resource loader.
2016-10-27 17:44:57,129 - ResourceManager : unable to find resource 'screen/index.html.vm' in any resource loader.
2016-10-27 17:44:57,343 - ResourceManager : unable to find resource 'screen/index.html.vm' in any resource loader.
2016-10-27 17:45:03,511 - ResourceManager : unable to find resource 'screen/index.html.vm' in any resource loader.
2016-10-27 17:45:04,025 - ResourceManager : unable to find resource 'screen/index.html.vm' in any resource loader.
2016-10-27 17:45:04,457 - ResourceManager : unable to find resource 'screen/index.html.vm' in any resource loader.
2016-10-27 17:45:04,784 - ResourceManager : unable to find resource 'screen/index.html.vm' in any resource loader.
2016-10-27 17:45:05,065 - ResourceManager : unable to find resource 'screen/index.html.vm' in any resource loader.
2016-10-27 17:45:05,337 - ResourceManager : unable to find resource 'screen/index.html.vm' in any resource loader.
2016-10-27 17:45:05,585 - ResourceManager : unable to find resource 'screen/index.html.vm' in any resource loader.
2016-10-27 17:45:05,812 - ResourceManager : unable to find resource 'screen/index.html.vm' in any resource loader.
2016-10-27 17:45:06,015 - ResourceManager : unable to find resource 'screen/index.html.vm' in any resource loader.
2016-10-27 17:45:06,273 - ResourceManager : unable to find resource 'screen/index.html.vm' in any resource loader.
2016-10-27 17:45:06,492 - ResourceManager : unable to find resource 'screen/index.html.vm' in any resource loader.
2016-10-27 17:45:06,711 - ResourceManager : unable to find resource 'screen/index.html.vm' in any resource loader.
2016-10-27 17:45:06,912 - ResourceManager : unable to find resource 'screen/index.html.vm' in any resource loader.
2016-10-27 17:45:07,128 - ResourceManager : unable to find resource 'screen/index.html.vm' in any resource loader.
2016-10-27 17:45:07,473 - ResourceManager : unable to find resource 'screen/index.html.vm' in any resource loader.
2016-10-27 17:45:07,856 - ResourceManager : unable to find resource 'screen/index.html.vm' in any resource loader.
2016-10-27 17:46:37,883 - Cookie rejected: "$Version="1"; BAIDUID="9713BBF4FDB9360E5B5378FE70E58FDF:FG=1"; $Path="/"; $Domain=".baidu.com"". Domain attribute ".baidu.com" violates RFC 2109: host minus domain may not contain any dots
2016-10-27 17:46:51,393 - ResourceManager : unable to find resource 'screen/index.html.vm' in any resource loader.
2016-10-27 17:46:51,978 - ResourceManager : unable to find resource 'error.vm' in any resource loader.
2016-10-27 17:46:51,979 - ResourceManager : unable to find resource 'error.html.vm' in any resource loader.
2016-10-27 17:46:54,085 - Cookie rejected: "$Version="1"; BAIDUID="1FA407873FF4E644B35CE4F64A192E20:FG=1"; $Path="/"; $Domain=".baidu.com"". Domain attribute ".baidu.com" violates RFC 2109: host minus domain may not contain any dots
2016-10-27 17:46:54,834 - ResourceManager : unable to find resource 'screen/index.html.vm' in any resource loader.
2016-10-27 17:46:56,718 - Cookie rejected: "$Version="1"; BAIDUID="5E6F41886144CC3A3FBEF4890E6FEE7A:FG=1"; $Path="/"; $Domain=".baidu.com"". Domain attribute ".baidu.com" violates RFC 2109: host minus domain may not contain any dots
